Using pre-set license
Built from '2022.1/staging' branch; Version is '2022.1.16f1 (7321c9670bc2) revision 7545289'; Using compiler version '192829333'; Build Type 'Release'
OS: 'Windows 10  (10.0.19045) 64bit Education' Language: 'en' Physical Memory: 8117 MB
BatchMode: 1, IsHumanControllingUs: 0, StartBugReporterOnCrash: 0, Is64bit: 1, IsPro: 1

COMMAND LINE ARGUMENTS:
C:\Program Files\Unity\Hub\Editor\2022.1.16f1\Editor\Unity.exe
-adb2
-batchMode
-noUpm
-name
AssetImportWorker3
-projectPath
C:/Users/CB.345/kart1
-logFile
Logs/AssetImportWorker3.log
-srvPort
51063
Successfully changed project path to: C:/Users/CB.345/kart1
C:/Users/CB.345/kart1
[UnityMemory] Configuration Parameters - Can be set up in boot.config
    "memorysetup-bucket-allocator-granularity=16"
    "memorysetup-bucket-allocator-bucket-count=8"
    "memorysetup-bucket-allocator-block-size=33554432"
    "memorysetup-bucket-allocator-block-count=8"
    "memorysetup-main-allocator-block-size=16777216"
    "memorysetup-thread-allocator-block-size=16777216"
    "memorysetup-gfx-main-allocator-block-size=16777216"
    "memorysetup-gfx-thread-allocator-block-size=16777216"
    "memorysetup-cache-allocator-block-size=4194304"
    "memorysetup-typetree-allocator-block-size=2097152"
    "memorysetup-profiler-bucket-allocator-granularity=16"
    "memorysetup-profiler-bucket-allocator-bucket-count=8"
    "memorysetup-profiler-bucket-allocator-block-size=33554432"
    "memorysetup-profiler-bucket-allocator-block-count=8"
    "memorysetup-profiler-allocator-block-size=16777216"
    "memorysetup-profiler-editor-allocator-block-size=1048576"
    "memorysetup-temp-allocator-size-main=16777216"
    "memorysetup-job-temp-allocator-block-size=2097152"
    "memorysetup-job-temp-allocator-block-size-background=1048576"
    "memorysetup-job-temp-allocator-reduction-small-platforms=262144"
    "memorysetup-temp-allocator-size-background-worker=32768"
    "memorysetup-temp-allocator-size-job-worker=262144"
    "memorysetup-temp-allocator-size-preload-manager=33554432"
    "memorysetup-temp-allocator-size-nav-mesh-worker=65536"
    "memorysetup-temp-allocator-size-audio-worker=65536"
    "memorysetup-temp-allocator-size-cloud-worker=32768"
    "memorysetup-temp-allocator-size-gi-baking-worker=262144"
    "memorysetup-temp-allocator-size-gfx=262144"
Refreshing native plugins compatible for Editor in 154.73 ms, found 4 plugins.
Preloading 0 native plugins for Editor in 0.00 ms.
Initialize engine version: 2022.1.16f1 (7321c9670bc2)
[Subsystems] Discovering subsystems at path C:/Program Files/Unity/Hub/Editor/2022.1.16f1/Editor/Data/Resources/UnitySubsystems
[Subsystems] Discovering subsystems at path C:/Users/CB.345/kart1/Assets
GfxDevice: creating device client; threaded=0; jobified=0
Direct3D:
    Version:  Direct3D 11.0 [level 11.1]
    Renderer: NVIDIA GeForce GTX 1650 (ID=0x2188)
    Vendor:   NVIDIA
    VRAM:     3962 MB
    Driver:   31.0.15.1694
Initialize mono
Mono path[0] = 'C:/Program Files/Unity/Hub/Editor/2022.1.16f1/Editor/Data/Managed'
Mono path[1] = 'C:/Program Files/Unity/Hub/Editor/2022.1.16f1/Editor/Data/MonoBleedingEdge/lib/mono/unityjit-win32'
Mono config path = 'C:/Program Files/Unity/Hub/Editor/2022.1.16f1/Editor/Data/MonoBleedingEdge/etc'
Using monoOptions --debugger-agent=transport=dt_socket,embedding=1,server=y,suspend=n,address=127.0.0.1:56032
Begin MonoManager ReloadAssembly
Registering precompiled unity dll's ...
Register platform support module: C:/Program Files/Unity/Hub/Editor/2022.1.16f1/Editor/Data/PlaybackEngines/WebGLSupport/UnityEditor.WebGL.Extensions.dll
Register platform support module: C:/Program Files/Unity/Hub/Editor/2022.1.16f1/Editor/Data/PlaybackEngines/MacStandaloneSupport/UnityEditor.OSXStandalone.Extensions.dll
Register platform support module: C:/Program Files/Unity/Hub/Editor/2022.1.16f1/Editor/Data/PlaybackEngines/AndroidPlayer/UnityEditor.Android.Extensions.dll
Register platform support module: C:/Program Files/Unity/Hub/Editor/2022.1.16f1/Editor/Data/PlaybackEngines/iOSSupport/UnityEditor.iOS.Extensions.dll
Register platform support module: C:/Program Files/Unity/Hub/Editor/2022.1.16f1/Editor/Data/PlaybackEngines/AppleTVSupport/UnityEditor.AppleTV.Extensions.dll
Register platform support module: C:/Program Files/Unity/Hub/Editor/2022.1.16f1/Editor/Data/PlaybackEngines/WindowsStandaloneSupport/UnityEditor.WindowsStandalone.Extensions.dll
Register platform support module: C:/Program Files/Unity/Hub/Editor/2022.1.16f1/Editor/Data/PlaybackEngines/LinuxStandaloneSupport/UnityEditor.LinuxStandalone.Extensions.dll
Register platform support module: C:/Program Files/Unity/Hub/Editor/2022.1.16f1/Editor/Data/PlaybackEngines/MetroSupport/UnityEditor.UWP.Extensions.dll
Registered in 0.018451 seconds.
Native extension for UWP target not found
Native extension for LinuxStandalone target not found
Native extension for WindowsStandalone target not found
[usbmuxd] Start listen thread
[usbmuxd] Listen thread started
Native extension for AppleTV target not found
[usbmuxd] Start listen thread
[usbmuxd] Listen thread started
Native extension for iOS target not found
Native extension for Android target not found
Native extension for OSXStandalone target not found
Native extension for WebGL target not found
Refreshing native plugins compatible for Editor in 122.32 ms, found 4 plugins.
Preloading 0 native plugins for Editor in 0.00 ms.
Mono: successfully reloaded assembly
- Completed reload, in  0.716 seconds
Domain Reload Profiling:
	ReloadAssembly (716ms)
		BeginReloadAssembly (90ms)
			ExecutionOrderSort (0ms)
			DisableScriptedObjects (0ms)
			BackupInstance (0ms)
			ReleaseScriptingObjects (0ms)
			CreateAndSetChildDomain (1ms)
		EndReloadAssembly (495ms)
			LoadAssemblies (89ms)
			RebuildTransferFunctionScriptingTraits (0ms)
			SetupTypeCache (108ms)
				TypeCache.Initialize (108ms)
					TypeCache.ScanAssembly (106ms)
				ResolveRequiredComponents (0ms)
			ReleaseScriptCaches (0ms)
			RebuildScriptCaches (23ms)
			SetupLoadedEditorAssemblies (312ms)
				LogAssemblyErrors (0ms)
				InitializePlatformSupportModulesInManaged (62ms)
				SetLoadedEditorAssemblies (5ms)
				RefreshPlugins (122ms)
				BeforeProcessingInitializeOnLoad (1ms)
				ProcessInitializeOnLoadAttributes (85ms)
				ProcessInitializeOnLoadMethodAttributes (36ms)
				AfterProcessingInitializeOnLoad (0ms)
				EditorAssembliesLoaded (0ms)
			ExecutionOrderSort2 (0ms)
			AwakeInstancesAfterBackupRestoration (0ms)
Platform modules already initialized, skipping
Registering precompiled user dll's ...
Registered in 0.010646 seconds.
Begin MonoManager ReloadAssembly
Symbol file LoadedFromMemory doesn't match image C:\Users\CB.345\kart1\Library\PackageCache\com.unity.visualscripting@1.7.8\Editor\VisualScripting.Core\Dependencies\YamlDotNet\Unity.VisualScripting.YamlDotNet.dll
Symbol file LoadedFromMemory doesn't match image C:\Users\CB.345\kart1\Library\PackageCache\com.unity.visualscripting@1.7.8\Editor\VisualScripting.Core\Dependencies\DotNetZip\Unity.VisualScripting.IonicZip.dll
Native extension for UWP target not found
Native extension for LinuxStandalone target not found
Native extension for WindowsStandalone target not found
Native extension for AppleTV target not found
Native extension for iOS target not found
Native extension for Android target not found
Native extension for OSXStandalone target not found
Native extension for WebGL target not found
Refreshing native plugins compatible for Editor in 171.53 ms, found 4 plugins.
Preloading 0 native plugins for Editor in 0.00 ms.
Mono: successfully reloaded assembly
- Completed reload, in  1.793 seconds
Domain Reload Profiling:
	ReloadAssembly (1794ms)
		BeginReloadAssembly (116ms)
			ExecutionOrderSort (0ms)
			DisableScriptedObjects (4ms)
			BackupInstance (0ms)
			ReleaseScriptingObjects (0ms)
			CreateAndSetChildDomain (21ms)
		EndReloadAssembly (1579ms)
			LoadAssemblies (109ms)
			RebuildTransferFunctionScriptingTraits (0ms)
			SetupTypeCache (329ms)
				TypeCache.Initialize (308ms)
					TypeCache.ScanAssembly (303ms)
				ResolveRequiredComponents (21ms)
			ReleaseScriptCaches (1ms)
			RebuildScriptCaches (80ms)
			SetupLoadedEditorAssemblies (1000ms)
				LogAssemblyErrors (0ms)
				InitializePlatformSupportModulesInManaged (57ms)
				SetLoadedEditorAssemblies (7ms)
				RefreshPlugins (172ms)
				BeforeProcessingInitializeOnLoad (140ms)
				ProcessInitializeOnLoadAttributes (546ms)
				ProcessInitializeOnLoadMethodAttributes (66ms)
				AfterProcessingInitializeOnLoad (13ms)
				EditorAssembliesLoaded (0ms)
			ExecutionOrderSort2 (0ms)
			AwakeInstancesAfterBackupRestoration (4ms)
Platform modules already initialized, skipping
========================================================================
Worker process is ready to serve import requests
Launched and connected shader compiler UnityShaderCompiler.exe after 0.04 seconds
Refreshing native plugins compatible for Editor in 2.38 ms, found 4 plugins.
Preloading 0 native plugins for Editor in 0.00 ms.
Unloading 6366 Unused Serialized files (Serialized files now loaded: 0)
Unloading 238 unused Assets / (21.4 MB). Loaded Objects now: 6766.
Memory consumption went from 1.00 GB to 0.98 GB.
Total: 21.064400 ms (FindLiveObjects: 1.545600 ms CreateObjectMapping: 1.429300 ms MarkObjects: 5.704500 ms  DeleteObjects: 12.316500 ms)

AssetImportParameters requested are different than current active one (requested -> active):
  custom:video-decoder-ogg-theora: a1e56fd34408186e4bbccfd4996cb3dc -> 
  custom:container-muxer-webm: aa71ff27fc2769a1b78a27578f13a17b -> 
  custom:container-demuxer-webm: 4f35f7cbe854078d1ac9338744f61a02 -> 
  custom:video-encoder-webm-vp8: eb34c28f22e8b96e1ab97ce403110664 -> 
  custom:audio-encoder-webm-vorbis: bf7c407c2cedff20999df2af8eb42d56 -> 
  custom:framework-win-MediaFoundation: 216162199b28c13a410421893ffa2e32 -> 
  custom:container-demuxer-ogg: 62fdf1f143b41e24485cea50d1cbac27 -> 
  custom:video-decoder-webm-vp8: 9c59270c3fd7afecdb556c50c9e8de78 -> 
  custom:audio-decoder-ogg-vorbis: bf7c407c2cedff20999df2af8eb42d56 -> 
========================================================================
Received Import Request.
  Time since last request: 765447.777574 seconds.
  path: Assets/Karting/Prefabs/Props/CrashObject.prefab
  artifactKey: Guid(29be64d49c04eed4781cd23c6865ca7c) Importer(815301076,1909f56bfc062723c751e8b465ee728b)
Start importing Assets/Karting/Prefabs/Props/CrashObject.prefab using Guid(29be64d49c04eed4781cd23c6865ca7c) Importer(815301076,1909f56bfc062723c751e8b465ee728b)  -> (artifact id: 'd729dea89f851d71eb0c559a7489b8c7') in 1.707421 seconds 
========================================================================
Received Import Request.
  Time since last request: 89.089555 seconds.
  path: Assets/Karting/ModularTrackKit/Prefabs/ModularTrackBumpyStraight.prefab
  artifactKey: Guid(9b9f6390b3dee44e4ba03d5f3f76dacb) Importer(815301076,1909f56bfc062723c751e8b465ee728b)
Start importing Assets/Karting/ModularTrackKit/Prefabs/ModularTrackBumpyStraight.prefab using Guid(9b9f6390b3dee44e4ba03d5f3f76dacb) Importer(815301076,1909f56bfc062723c751e8b465ee728b)  -> (artifact id: 'bab23fe23415b8440c2aef2337a16360') in 0.022190 seconds 
========================================================================
Received Import Request.
  Time since last request: 0.000042 seconds.
  path: Assets/Karting/ModularTrackKit/Prefabs/ModularTrackCantMediumLeft.prefab
  artifactKey: Guid(ea87863efa0b941408cdd4b102308f4c) Importer(815301076,1909f56bfc062723c751e8b465ee728b)
Start importing Assets/Karting/ModularTrackKit/Prefabs/ModularTrackCantMediumLeft.prefab using Guid(ea87863efa0b941408cdd4b102308f4c) Importer(815301076,1909f56bfc062723c751e8b465ee728b)  -> (artifact id: '936d55e7720ef5999243d53ff4fc8b37') in 0.022105 seconds 
========================================================================
Received Import Request.
  Time since last request: 0.000029 seconds.
  path: Assets/Karting/ModularTrackKit/Prefabs/ModularTrackCantSmallRight.prefab
  artifactKey: Guid(d1fedb17811a845a798a9217e0dbc9aa) Importer(815301076,1909f56bfc062723c751e8b465ee728b)
Start importing Assets/Karting/ModularTrackKit/Prefabs/ModularTrackCantSmallRight.prefab using Guid(d1fedb17811a845a798a9217e0dbc9aa) Importer(815301076,1909f56bfc062723c751e8b465ee728b)  -> (artifact id: '8a8f345a3f90e22525a96e94b3c2db25') in 0.036361 seconds 
========================================================================
Received Import Request.
  Time since last request: 0.000024 seconds.
  path: Assets/Karting/ModularTrackKit/Prefabs/ModularTrackCurveLarge.prefab
  artifactKey: Guid(06604f26f581c4de08c3f45572924c7d) Importer(815301076,1909f56bfc062723c751e8b465ee728b)
Start importing Assets/Karting/ModularTrackKit/Prefabs/ModularTrackCurveLarge.prefab using Guid(06604f26f581c4de08c3f45572924c7d) Importer(815301076,1909f56bfc062723c751e8b465ee728b)  -> (artifact id: '893f6ea4855e562f6e0aab375f8834d2') in 0.029257 seconds 
========================================================================
Received Import Request.
  Time since last request: 0.000041 seconds.
  path: Assets/Karting/ModularTrackKit/Prefabs/ModularTrackRampCurveRight.prefab
  artifactKey: Guid(7973c59434836422cbd71f26d6c1293e) Importer(815301076,1909f56bfc062723c751e8b465ee728b)
Start importing Assets/Karting/ModularTrackKit/Prefabs/ModularTrackRampCurveRight.prefab using Guid(7973c59434836422cbd71f26d6c1293e) Importer(815301076,1909f56bfc062723c751e8b465ee728b)  -> (artifact id: '05d97d6eb9e2cc005d18cb7fa9e67c1b') in 0.030610 seconds 
========================================================================
Received Import Request.
  Time since last request: 0.000025 seconds.
  path: Assets/Karting/ModularTrackKit/Prefabs/ModularTrackCurveSmall.prefab
  artifactKey: Guid(e2299f494e1674e9684aad2e11474f9d) Importer(815301076,1909f56bfc062723c751e8b465ee728b)
Start importing Assets/Karting/ModularTrackKit/Prefabs/ModularTrackCurveSmall.prefab using Guid(e2299f494e1674e9684aad2e11474f9d) Importer(815301076,1909f56bfc062723c751e8b465ee728b)  -> (artifact id: '2eca974690512efd32b42293b089877f') in 0.036758 seconds 
========================================================================
Received Import Request.
  Time since last request: 0.000033 seconds.
  path: Assets/Karting/ModularTrackKit/Prefabs/ModularTrackSCurveLeft.prefab
  artifactKey: Guid(4ceb0af72927442b89171edb85a2ccfa) Importer(815301076,1909f56bfc062723c751e8b465ee728b)
Start importing Assets/Karting/ModularTrackKit/Prefabs/ModularTrackSCurveLeft.prefab using Guid(4ceb0af72927442b89171edb85a2ccfa) Importer(815301076,1909f56bfc062723c751e8b465ee728b)  -> (artifact id: 'faddaac95e912bceccb782e6ec0f199f') in 0.039682 seconds 
========================================================================
Received Import Request.
  Time since last request: 0.000035 seconds.
  path: Assets/Karting/ModularTrackKit/Prefabs/ModularTrackCantSmallLeft.prefab
  artifactKey: Guid(bed96e97bcaad4383aa9baa8c101f0bf) Importer(815301076,1909f56bfc062723c751e8b465ee728b)
Start importing Assets/Karting/ModularTrackKit/Prefabs/ModularTrackCantSmallLeft.prefab using Guid(bed96e97bcaad4383aa9baa8c101f0bf) Importer(815301076,1909f56bfc062723c751e8b465ee728b)  -> (artifact id: 'a62c21720fdc020e318522a6971c2138') in 0.024184 seconds 
========================================================================
Received Import Request.
  Time since last request: 0.000040 seconds.
  path: Assets/Karting/ModularTrackKit/Prefabs/ModularTrackRamp.prefab
  artifactKey: Guid(1c994073ac1d5445695ce53ec5195532) Importer(815301076,1909f56bfc062723c751e8b465ee728b)
Start importing Assets/Karting/ModularTrackKit/Prefabs/ModularTrackRamp.prefab using Guid(1c994073ac1d5445695ce53ec5195532) Importer(815301076,1909f56bfc062723c751e8b465ee728b)  -> (artifact id: 'cb118b45e76ca5a74ed734ca3859fbbe') in 0.023292 seconds 
========================================================================
Received Import Request.
  Time since last request: 0.000025 seconds.
  path: Assets/Karting/ModularTrackKit/Prefabs/ModularTrackSpiralRight.prefab
  artifactKey: Guid(291ac874e44fb46a1a05a1815cfc4f52) Importer(815301076,1909f56bfc062723c751e8b465ee728b)
Start importing Assets/Karting/ModularTrackKit/Prefabs/ModularTrackSpiralRight.prefab using Guid(291ac874e44fb46a1a05a1815cfc4f52) Importer(815301076,1909f56bfc062723c751e8b465ee728b)  -> (artifact id: '5e05941e71bb0b3ac206292850c6f7d3') in 0.023211 seconds 
========================================================================
Received Import Request.
  Time since last request: 0.000038 seconds.
  path: Assets/Karting/ModularTrackKit/Prefabs/ModularTrackCantMediumRight.prefab
  artifactKey: Guid(877fc6ef080ba4ecd8a8651303bb0d66) Importer(815301076,1909f56bfc062723c751e8b465ee728b)
Start importing Assets/Karting/ModularTrackKit/Prefabs/ModularTrackCantMediumRight.prefab using Guid(877fc6ef080ba4ecd8a8651303bb0d66) Importer(815301076,1909f56bfc062723c751e8b465ee728b)  -> (artifact id: '0a28dc4dbb31e6136f022fa7be89b238') in 0.025703 seconds 
Editor requested this worker to shutdown with reason: Scaling down because of idle timeout
AssetImportWorker is now disconnected from the server
Process exiting
Exiting without the bug reporter. Application will terminate with return code 0